<?xml version="1.0" encoding="UTF-8"?>
<testsuite xmlns:xsi="http://www.w3.org/2001/XMLSchema-instance" xsi:noNamespaceSchemaLocation="https://maven.apache.org/surefire/maven-surefire-plugin/xsd/surefire-test-report-3.0.xsd" version="3.0" name="com.skilltrack.SkillTrackControllerTest" time="10.047" tests="3" errors="0" skipped="0" failures="0">
  <properties>
[...]
</properties>
  <testcase name="shouldCreateSkill" classname="com.skilltrack.SkillTrackControllerTest" time="3.532">
    <system-out><![CDATA[22:58:23.879 [main] INFO org.springframework.test.context.support.AnnotationConfigContextLoaderUtils -- Could not detect default configuration classes for test class [com.skilltrack.SkillTrackControllerTest]: SkillTrackControllerTest does not declare any static, non-private, non-final, nested classes annotated with @Configuration.
22:58:24.216 [main] INFO org.springframework.boot.test.context.SpringBootTestContextBootstrapper -- Found @SpringBootConfiguration com.skilltrack.SkillTrackApplication for test class com.skilltrack.SkillTrackControllerTest

  .   ____          _            __ _ _
 /\\ / ___'_ __ _ _(_)_ __  __ _ \ \ \ \
( ( )\___ | '_ | '_| | '_ \/ _` | \ \ \ \
 \\/  ___)| |_)| | | | | || (_| |  ) ) ) )
  '  |____| .__|_| |_|_| |_\__, | / / / /
 =========|_|==============|___/=/_/_/_/

 :: Spring Boot ::                (v3.3.4)

2026-09-22T22:58:25.374+05:30  INFO 22536 --- [           main] c.skilltrack.SkillTrackControllerTest    : Starting SkillTrackControllerTest using Java 21.0.9 with PID 22536 (started by randa in C:\Users\randa\Desktop\skilltrack\backend)
2026-09-22T22:58:25.376+05:30  INFO 22536 --- [           main] c.skilltrack.SkillTrackControllerTest    : No active profile set, falling back to 1 default profile: "default"
2026-09-22T22:58:29.713+05:30  INFO 22536 --- [           main] o.s.b.t.m.w.SpringBootMockServletContext : Initializing Spring TestDispatcherServlet ''
2026-09-22T22:58:29.713+05:30  INFO 22536 --- [           main] o.s.t.web.servlet.TestDispatcherServlet  : Initializing Servlet ''
2026-09-22T22:58:29.716+05:30  INFO 22536 --- [           main] o.s.t.web.servlet.TestDispatcherServlet  : Completed initialization in 0 ms
2026-09-22T22:58:29.759+05:30  INFO 22536 --- [           main] c.skilltrack.SkillTrackControllerTest    : Started SkillTrackControllerTest in 5.038 seconds (process running for 8.927)
]]></system-out>
    <system-err><![CDATA[WARNING: A Java agent has been loaded dynamically (C:\Users\randa\.m2\repository\net\bytebuddy\byte-buddy-agent\1.14.19\byte-buddy-agent-1.14.19.jar)
WARNING: If a serviceability tool is in use, please run with -XX:+EnableDynamicAgentLoading to hide this warning
WARNING: If a serviceability tool is not in use, please run with -Djdk.instrument.traceUsage for more information
WARNING: Dynamic loading of agents will be disallowed by default in a future release
]]></system-err>
  </testcase>
  <testcase name="shouldGenerateRoadmap" classname="com.skilltrack.SkillTrackControllerTest" time="0.043"/>
  <testcase name="shouldReturnDashboardData" classname="com.skilltrack.SkillTrackControllerTest" time="0.014"/>
</testsuite>